<?xml version="1.0" encoding="UTF-8"?>
<!-- Generated by org.testng.reporters.JUnitReportReporter -->
<testsuite skipped="0" hostname="DESKTOP-803K56V" name="com.OrangeHRM.testCases.TC002_VerifyForgotPasswordLink" tests="1" failures="0" timestamp="13 Dec 2022 01:53:16 GMT" time="4.333" errors="0">
  <testcase name="forgotPasswordLinkTest" time="4.333" classname="com.OrangeHRM.testCases.TC002_VerifyForgotPasswordLink"/>
</testsuite> <!-- com.OrangeHRM.testCases.TC002_VerifyForgotPasswordLink -->
