<?xml version="1.0" encoding="UTF-8"?>
<!-- Generated by org.testng.reporters.JUnitReportReporter -->
<testsuite skipped="0" hostname="DESKTOP-803K56V" name="com.OrangeHRM.testCases.TC001_UserLoginTest" tests="1" failures="0" timestamp="13 Dec 2022 02:03:19 GMT" time="7.897" errors="0">
  <testcase name="loginTest" time="7.897" classname="com.OrangeHRM.testCases.TC001_UserLoginTest"/>
</testsuite> <!-- com.OrangeHRM.testCases.TC001_UserLoginTest -->
